<?xml version="1.0" encoding="UTF-8"?>
<testng-results skipped="0" failed="0" total="1" passed="1">
  <reporter-output>
  </reporter-output>
  <suite name="Default suite" duration-ms="28675" started-at="2015-11-11T09:19:17Z" finished-at="2015-11-11T09:19:46Z">
    <groups>
    </groups>
    <test name="Default test" duration-ms="28675" started-at="2015-11-11T09:19:17Z" finished-at="2015-11-11T09:19:46Z">
      <class name="gmailtest.NewTest">
        <test-method status="PASS" signature="gmailtest()[pri:0, instance:gmailtest.NewTest@340e92fe]" name="gmailtest" duration-ms="28651" started-at="2015-11-11T14:49:17Z" finished-at="2015-11-11T14:49:46Z">
          <reporter-output>
          </reporter-output>
        </test-method> <!-- gmailtest -->
      </class> <!-- gmailtest.NewTest -->
    </test> <!-- Default test -->
  </suite> <!-- Default suite -->
</testng-results>
