<?xml version="1.0" encoding="UTF-8"?>
<testng-results skipped="0" failed="0" total="1" passed="1">
  <reporter-output>
  </reporter-output>
  <suite name="Default suite" duration-ms="28827" started-at="2015-11-11T10:47:54Z" finished-at="2015-11-11T10:48:23Z">
    <groups>
    </groups>
    <test name="Default test" duration-ms="28827" started-at="2015-11-11T10:47:54Z" finished-at="2015-11-11T10:48:23Z">
      <class name="gmailtest.NewTest">
        <test-method status="PASS" signature="gmailtest()[pri:0, instance:gmailtest.NewTest@1fa68b9c]" name="gmailtest" duration-ms="28806" started-at="2015-11-11T16:17:54Z" finished-at="2015-11-11T16:18:23Z">
          <reporter-output>
          </reporter-output>
        </test-method> <!-- gmailtest -->
      </class> <!-- gmailtest.NewTest -->
    </test> <!-- Default test -->
  </suite> <!-- Default suite -->
</testng-results>
